============================================================
  Generated by:           Genus(TM) Synthesis Solution 20.11-s111_1
  Generated on:           Sep 16 2025  09:43:40 am
  Module:                 apb_timer
  Operating conditions:   slow 
  Interconnect mode:      global
  Area mode:              physical library
============================================================

                               
   Gate    Instances    Area      Library   
--------------------------------------------
AND2X1             3     5.130    gpdk045bc 
AND2X2             1     2.052    gpdk045bc 
AND2X4             1     3.078    gpdk045bc 
AND3X2             2     5.472    gpdk045bc 
AND4XL             2     4.788    gpdk045bc 
AO21X1            14    33.516    gpdk045bc 
AO22X4            32   120.384    gpdk045bc 
AO22XL             1     2.736    gpdk045bc 
AOI21XL            1     1.710    gpdk045bc 
AOI222X1           3     9.234    gpdk045bc 
AOI22X1           64   153.216    gpdk045bc 
AOI22XL            6    14.364    gpdk045bc 
AOI2BB2X1          1     3.420    gpdk045bc 
DFFRHQX2          40   314.640    gpdk045bc 
INVX1             16    11.081    gpdk045bc 
NAND2BX1          12    16.724    gpdk045bc 
NAND2BX2           1     2.155    gpdk045bc 
NAND2X1           43    44.853    gpdk045bc 
NAND3BXL           1     1.778    gpdk045bc 
NAND3XL            2     3.420    gpdk045bc 
NAND4BX1           1     2.394    gpdk045bc 
NOR2BX1            1     1.710    gpdk045bc 
NOR2BX4            3    11.286    gpdk045bc 
NOR2XL            22    22.572    gpdk045bc 
NOR3BX1            1     2.052    gpdk045bc 
NOR3BXL            1     2.052    gpdk045bc 
NOR3X1             1     1.710    gpdk045bc 
NOR4X1             2     4.788    gpdk045bc 
NOR4XL             1     2.052    gpdk045bc 
OAI211X1           1     2.052    gpdk045bc 
OAI211XL           4     8.208    gpdk045bc 
OAI221X1           1     2.736    gpdk045bc 
OAI2BB1X1          6    12.312    gpdk045bc 
OR2X1              7    11.970    gpdk045bc 
OR3X1              1     2.052    gpdk045bc 
OR4X1             15    35.910    gpdk045bc 
SDFFRHQX1         37   354.312    gpdk045bc 
SDFFRHQX4          1    12.312    gpdk045bc 
SDFFRXL            2    20.520    gpdk045bc 
XOR2X1            12    36.936    gpdk045bc 
--------------------------------------------
total            366  1303.687              


                                         
     Type      Instances   Area   Area % 
-----------------------------------------
sequential            80  701.784   53.8 
inverter              16   11.081    0.8 
logic                270  590.822   45.3 
physical_cells         0    0.000    0.0 
-----------------------------------------
total                366 1303.687  100.0 

