Using Power View: WORSTCASE.
Begin Boundary Leakage Calculation
Ended Boundary Leakage Calculation: (cpu=0:00:00, real=0:00:00,
mem(process/total/peak)=1190.98MB/2578.43MB/1190.98MB)
Begin Static Power Report Generation
*----------------------------------------------------------------------------------------
*	Innovus 20.14-s095_1 (64bit) 04/19/2021 14:41 (Linux 2.6.32-431.11.2.el6.x86_64)
*	
*
* 	Date & Time:	2025-Sep-16 10:54:08 (2025-Sep-16 05:24:08 GMT)
*
*----------------------------------------------------------------------------------------
*
*	Design: apb_timer
*
*	Liberty Libraries used:
*	        WORSTCASE: /home/install/FOUNDRY/digital/45nm/LIBS/lib/max/slow.lib
*
*	Parasitic Files used:
*
*       Power View : WORSTCASE
*
*       User-Defined Activity : N.A.
*
*       Activity File: N.A.
*
*       Hierarchical Global Activity: N.A.
*
*       Global Activity: N.A.
*
*       Sequential Element Activity: N.A.
*
*       Primary Input Activity: 0.200000
*
*       Default icg ratio: N.A.
*
*       Global Comb ClockGate Ratio: N.A.
*
*	Power Units = 1mW
*
*	Time Units = 1e-09 secs
*
*       report_power
*
-----------------------------------------------------------------------------------------
*



Total Power
-----------------------------------------------------------------------------------------
Total Internal Power:        0.05412340 	   84.7653%
Total Switching Power:       0.00967219 	   15.1481%
Total Leakage Power:         0.00005533 	    0.0867%
Total Power:                 0.06385093
-----------------------------------------------------------------------------------------


Group                           Internal   Switching     Leakage       Total  Percentage 
                                Power      Power         Power         Power  (%)        
-----------------------------------------------------------------------------------------
Sequential                       0.04845    0.002844   2.794e-05     0.05133       80.38
Macro                                  0           0           0           0           0
IO                                     0           0           0           0           0
Combinational                    0.00567    0.006829   2.739e-05     0.01253       19.62
Clock (Combinational)                  0           0           0           0           0
Clock (Sequential)                     0           0           0           0           0
-----------------------------------------------------------------------------------------
Total                            0.05412    0.009672   5.533e-05     0.06385         100
-----------------------------------------------------------------------------------------


Rail                  Voltage   Internal   Switching     Leakage       Total  Percentage 
                                Power      Power         Power         Power  (%)        
-----------------------------------------------------------------------------------------
VDD                      1.08    0.05412    0.009672   5.533e-05     0.06385         100
 
 
-----------------------------------------------------------------------------------------
*	Power Distribution Summary: 
*              Highest Average Power:         reg_timer_int_reg (SDFFRHQX4):         0.001887
*              Highest Leakage Power:         reg_timer_int_reg (SDFFRHQX4):        5.296e-07
*                Total Cap:      4.44756e-12 F
*                Total instances in design:   366
*                Total instances in design with no power:     0
*                Total instances in design with no activty:     0

*                Total Fillers and Decap:     0
-----------------------------------------------------------------------------------------
 
Ended Static Power Report Generation: (cpu=0:00:00, real=0:00:00,
mem(process/total/peak)=1190.98MB/2578.43MB/1190.98MB)

